Arguments: 
  /home/peter/.nvm/versions/node/v18.15.0/bin/node /home/peter/.cache/node/corepack/yarn/1.22.19/bin/yarn.js install

PATH: 
  /home/peter/.nvm/versions/node/v18.15.0/bin:/usr/local/sbin:/usr/local/bin:/usr/sbin:/usr/bin:/sbin:/bin:/usr/games:/usr/local/games:/snap/bin

Yarn version: 
  1.22.19

Node version: 
  18.15.0

Platform: 
  linux x64

Trace: 
  Error: ENOENT: no such file or directory, open '/home/peter/.cache/yarn/v6/npm-@esbuild-linux-x64-0.17.18-23c26050c6c5d1359c7b774823adc32b3883b6c9-integrity/node_modules/@esbuild/linux-x64/.yarn-metadata.json'

npm manifest: 
  {
    "name": "sunnyside-agency",
    "private": true,
    "version": "0.0.0",
    "type": "module",
    "scripts": {
      "dev": "vite",
      "build": "tsc && vite build",
      "lint": "eslint src --ext ts,tsx --report-unused-disable-directives --max-warnings 0",
      "preview": "vite preview"
    },
    "dependencies": {
      "react": "^18.2.0",
      "react-dom": "^18.2.0"
    },
    "devDependencies": {
      "@types/react": "^18.0.28",
      "@types/react-dom": "^18.0.11",
      "@typescript-eslint/eslint-plugin": "^5.57.1",
      "@typescript-eslint/parser": "^5.57.1",
      "@vitejs/plugin-react": "^4.0.0",
      "eslint": "^8.38.0",
      "eslint-plugin-react-hooks": "^4.6.0",
      "eslint-plugin-react-refresh": "^0.3.4",
      "typescript": "^5.0.2",
      "vite": "^4.3.2"
    }
  }

yarn manifest: 
  No manifest

Lockfile: 
  No lockfile
